1661785459134	geckodriver	INFO	Listening on 127.0.0.1:47729
1661785459202	mozrunner::runner	INFO	Running command: "/etc/profiles/per-user/ms/bin/firefox" "--marionette" "--remote-debugging-port" "34939" "-no-remote" "-profile" "/tmp/rust_mozprofilebQKqMi"
ATTENTION: default value of option mesa_glthread overridden by environment.
ATTENTION: default value of option mesa_glthread overridden by environment.
ATTENTION: default value of option mesa_glthread overridden by environment.
ATTENTION: default value of option mesa_glthread overridden by environment.
1661785460006	Marionette	INFO	Marionette enabled
1661785460014	Marionette	INFO	Listening on port 42065
WebDriver BiDi listening on ws://localhost:34939
1661785460223	RemoteAgent	WARN	TLS certificate errors will be ignored for this session
console.warn: SearchSettings: "get: No settings file exists, new profile?" (new NotFoundError("Could not open the file at /tmp/rust_mozprofilebQKqMi/search.json.mozlz4", (void 0)))
Missing chrome or resource URL: resource://gre/modules/UpdateListener.sys.mjs
DevTools listening on ws://localhost:34939/devtools/browser/aaa3e32b-65c9-485f-bcab-3658ab00c815
Missing chrome or resource URL: resource://gre/modules/UpdateListener.sys.mjs
console.error: "Error during quit-application-granted: [Exception... \"File error: Not found\"  nsresult: \"0x80520012 (NS_ERROR_FILE_NOT_FOUND)\"  location: \"JS frame :: resource:///modules/BrowserGlue.jsm :: _onQuitApplicationGranted/tasks< :: line 2013\"  data: no]"
1661785493043	Marionette	INFO	Stopped listening on port 42065
console.warn: TopSitesFeed: Failed to fetch data from Contile server: NetworkError when attempting to fetch resource.
1661785538125	geckodriver	INFO	Listening on 127.0.0.1:39091
1661785538173	mozrunner::runner	INFO	Running command: "/etc/profiles/per-user/ms/bin/firefox" "--marionette" "--remote-debugging-port" "39571" "-no-remote" "-profile" "/tmp/rust_mozprofileeTqhtr"
ATTENTION: default value of option mesa_glthread overridden by environment.
ATTENTION: default value of option mesa_glthread overridden by environment.
ATTENTION: default value of option mesa_glthread overridden by environment.
ATTENTION: default value of option mesa_glthread overridden by environment.
1661785538929	Marionette	INFO	Marionette enabled
1661785538933	Marionette	INFO	Listening on port 35885
WebDriver BiDi listening on ws://localhost:39571
1661785539073	RemoteAgent	WARN	TLS certificate errors will be ignored for this session
console.warn: SearchSettings: "get: No settings file exists, new profile?" (new NotFoundError("Could not open the file at /tmp/rust_mozprofileeTqhtr/search.json.mozlz4", (void 0)))
Missing chrome or resource URL: resource://gre/modules/UpdateListener.sys.mjs
DevTools listening on ws://localhost:39571/devtools/browser/eb00dfc8-70d8-4667-aad9-b1e96290076c
1661785975513	geckodriver	INFO	Listening on 127.0.0.1:32989
1661785975564	mozrunner::runner	INFO	Running command: "/etc/profiles/per-user/ms/bin/firefox" "--marionette" "--remote-debugging-port" "47207" "-no-remote" "-profile" "/tmp/rust_mozprofileevG2EZ"
ATTENTION: default value of option mesa_glthread overridden by environment.
ATTENTION: default value of option mesa_glthread overridden by environment.
ATTENTION: default value of option mesa_glthread overridden by environment.
ATTENTION: default value of option mesa_glthread overridden by environment.
1661785976292	Marionette	INFO	Marionette enabled
1661785976297	Marionette	INFO	Listening on port 44079
WebDriver BiDi listening on ws://localhost:47207
1661785976435	RemoteAgent	WARN	TLS certificate errors will be ignored for this session
console.warn: SearchSettings: "get: No settings file exists, new profile?" (new NotFoundError("Could not open the file at /tmp/rust_mozprofileevG2EZ/search.json.mozlz4", (void 0)))
Missing chrome or resource URL: resource://gre/modules/UpdateListener.sys.mjs
DevTools listening on ws://localhost:47207/devtools/browser/aa602098-b10c-45c2-b82f-b403612a734a
JavaScript error: resource://gre/modules/AsyncShutdown.jsm, line 576: NotFoundError: No such JSWindowActor 'DevToolsFrame'
Missing chrome or resource URL: resource://gre/modules/UpdateListener.sys.mjs
console.error: "Error during quit-application-granted: [Exception... \"File error: Not found\"  nsresult: \"0x80520012 (NS_ERROR_FILE_NOT_FOUND)\"  location: \"JS frame :: resource:///modules/BrowserGlue.jsm :: _onQuitApplicationGranted/tasks< :: line 2013\"  data: no]"
1661785980335	Marionette	INFO	Stopped listening on port 35885
1661786548520	geckodriver	INFO	Listening on 127.0.0.1:43379
1661786548572	mozrunner::runner	INFO	Running command: "/etc/profiles/per-user/ms/bin/firefox" "--marionette" "--remote-debugging-port" "34451" "-no-remote" "-profile" "/tmp/rust_mozprofilebRGrbw"
ATTENTION: default value of option mesa_glthread overridden by environment.
ATTENTION: default value of option mesa_glthread overridden by environment.
ATTENTION: default value of option mesa_glthread overridden by environment.
ATTENTION: default value of option mesa_glthread overridden by environment.
1661786549320	Marionette	INFO	Marionette enabled
1661786549324	Marionette	INFO	Listening on port 38403
WebDriver BiDi listening on ws://localhost:34451
1661786549454	RemoteAgent	WARN	TLS certificate errors will be ignored for this session
console.warn: SearchSettings: "get: No settings file exists, new profile?" (new NotFoundError("Could not open the file at /tmp/rust_mozprofilebRGrbw/search.json.mozlz4", (void 0)))
Missing chrome or resource URL: resource://gre/modules/UpdateListener.sys.mjs
DevTools listening on ws://localhost:34451/devtools/browser/4d337a93-487b-4e74-bc36-49f35a3e4ec1
JavaScript error: resource://gre/modules/AsyncShutdown.jsm, line 576: NotFoundError: No such JSWindowActor 'DevToolsFrame'
Missing chrome or resource URL: resource://gre/modules/UpdateListener.sys.mjs
console.error: "Error during quit-application-granted: [Exception... \"File error: Not found\"  nsresult: \"0x80520012 (NS_ERROR_FILE_NOT_FOUND)\"  location: \"JS frame :: resource:///modules/BrowserGlue.jsm :: _onQuitApplicationGranted/tasks< :: line 2013\"  data: no]"
1661786555523	Marionette	INFO	Stopped listening on port 44079
1661786587434	geckodriver	INFO	Listening on 127.0.0.1:44463
1661786587484	mozrunner::runner	INFO	Running command: "/etc/profiles/per-user/ms/bin/firefox" "--marionette" "--remote-debugging-port" "41441" "-no-remote" "-profile" "/tmp/rust_mozprofilesSGiXf"
ATTENTION: default value of option mesa_glthread overridden by environment.
ATTENTION: default value of option mesa_glthread overridden by environment.
ATTENTION: default value of option mesa_glthread overridden by environment.
ATTENTION: default value of option mesa_glthread overridden by environment.
1661786588214	Marionette	INFO	Marionette enabled
1661786588218	Marionette	INFO	Listening on port 37371
WebDriver BiDi listening on ws://localhost:41441
1661786588358	RemoteAgent	WARN	TLS certificate errors will be ignored for this session
console.warn: SearchSettings: "get: No settings file exists, new profile?" (new NotFoundError("Could not open the file at /tmp/rust_mozprofilesSGiXf/search.json.mozlz4", (void 0)))
Missing chrome or resource URL: resource://gre/modules/UpdateListener.sys.mjs
DevTools listening on ws://localhost:41441/devtools/browser/5032bdd5-0df7-427e-b8bb-ff703eb0054b
Missing chrome or resource URL: resource://gre/modules/UpdateListener.sys.mjs
console.error: "Error during quit-application-granted: [Exception... \"File error: Not found\"  nsresult: \"0x80520012 (NS_ERROR_FILE_NOT_FOUND)\"  location: \"JS frame :: resource:///modules/BrowserGlue.jsm :: _onQuitApplicationGranted/tasks< :: line 2013\"  data: no]"
1661786620719	Marionette	INFO	Stopped listening on port 37371
console.warn: TopSitesFeed: Failed to fetch data from Contile server: NetworkError when attempting to fetch resource.
Missing chrome or resource URL: resource://gre/modules/UpdateListener.sys.mjs
console.error: "Error during quit-application-granted: [Exception... \"File error: Not found\"  nsresult: \"0x80520012 (NS_ERROR_FILE_NOT_FOUND)\"  location: \"JS frame :: resource:///modules/BrowserGlue.jsm :: _onQuitApplicationGranted/tasks< :: line 2013\"  data: no]"
1661786624233	Marionette	INFO	Stopped listening on port 38403
console.warn: TopSitesFeed: Failed to fetch data from Contile server: NetworkError when attempting to fetch resource.
1661786633233	geckodriver	INFO	Listening on 127.0.0.1:57875
1661786633283	mozrunner::runner	INFO	Running command: "/etc/profiles/per-user/ms/bin/firefox" "--marionette" "--remote-debugging-port" "34187" "-no-remote" "-profile" "/tmp/rust_mozprofilecZDcKX"
ATTENTION: default value of option mesa_glthread overridden by environment.
ATTENTION: default value of option mesa_glthread overridden by environment.
ATTENTION: default value of option mesa_glthread overridden by environment.
ATTENTION: default value of option mesa_glthread overridden by environment.
1661786634043	Marionette	INFO	Marionette enabled
1661786634047	Marionette	INFO	Listening on port 38507
WebDriver BiDi listening on ws://localhost:34187
1661786634178	RemoteAgent	WARN	TLS certificate errors will be ignored for this session
console.warn: SearchSettings: "get: No settings file exists, new profile?" (new NotFoundError("Could not open the file at /tmp/rust_mozprofilecZDcKX/search.json.mozlz4", (void 0)))
Missing chrome or resource URL: resource://gre/modules/UpdateListener.sys.mjs
DevTools listening on ws://localhost:34187/devtools/browser/59ea0202-2bb6-4e25-ad8c-ace0b3a6936d
JavaScript error: resource://gre/modules/AsyncShutdown.jsm, line 576: NotFoundError: No such JSWindowActor 'DevToolsFrame'
Missing chrome or resource URL: resource://gre/modules/UpdateListener.sys.mjs
console.error: "Error during quit-application-granted: [Exception... \"File error: Not found\"  nsresult: \"0x80520012 (NS_ERROR_FILE_NOT_FOUND)\"  location: \"JS frame :: resource:///modules/BrowserGlue.jsm :: _onQuitApplicationGranted/tasks< :: line 2013\"  data: no]"
1661786816817	Marionette	INFO	Stopped listening on port 38507
1661786886916	geckodriver	INFO	Listening on 127.0.0.1:44673
1661786886970	mozrunner::runner	INFO	Running command: "/etc/profiles/per-user/ms/bin/firefox" "--marionette" "--remote-debugging-port" "38503" "-no-remote" "-profile" "/tmp/rust_mozprofiler2L4YZ"
ATTENTION: default value of option mesa_glthread overridden by environment.
ATTENTION: default value of option mesa_glthread overridden by environment.
ATTENTION: default value of option mesa_glthread overridden by environment.
ATTENTION: default value of option mesa_glthread overridden by environment.
1661786887733	Marionette	INFO	Marionette enabled
1661786887737	Marionette	INFO	Listening on port 34445
WebDriver BiDi listening on ws://localhost:38503
1661786887877	RemoteAgent	WARN	TLS certificate errors will be ignored for this session
console.warn: SearchSettings: "get: No settings file exists, new profile?" (new NotFoundError("Could not open the file at /tmp/rust_mozprofiler2L4YZ/search.json.mozlz4", (void 0)))
Missing chrome or resource URL: resource://gre/modules/UpdateListener.sys.mjs
DevTools listening on ws://localhost:38503/devtools/browser/919c0a94-ed89-44ae-b5ce-b91c5cf10486
1661786942417	geckodriver	INFO	Listening on 127.0.0.1:40715
1661786942470	mozrunner::runner	INFO	Running command: "/etc/profiles/per-user/ms/bin/firefox" "--marionette" "--remote-debugging-port" "36273" "-no-remote" "-profile" "/tmp/rust_mozprofileZX92lC"
ATTENTION: default value of option mesa_glthread overridden by environment.
ATTENTION: default value of option mesa_glthread overridden by environment.
ATTENTION: default value of option mesa_glthread overridden by environment.
ATTENTION: default value of option mesa_glthread overridden by environment.
1661786943186	Marionette	INFO	Marionette enabled
1661786943190	Marionette	INFO	Listening on port 40889
WebDriver BiDi listening on ws://localhost:36273
1661786943323	RemoteAgent	WARN	TLS certificate errors will be ignored for this session
console.warn: SearchSettings: "get: No settings file exists, new profile?" (new NotFoundError("Could not open the file at /tmp/rust_mozprofileZX92lC/search.json.mozlz4", (void 0)))
Missing chrome or resource URL: resource://gre/modules/UpdateListener.sys.mjs
DevTools listening on ws://localhost:36273/devtools/browser/73ae5029-066f-4357-8122-e01c05f3705f
Missing chrome or resource URL: resource://gre/modules/UpdateListener.sys.mjs
console.error: "Error during quit-application-granted: [Exception... \"File error: Not found\"  nsresult: \"0x80520012 (NS_ERROR_FILE_NOT_FOUND)\"  location: \"JS frame :: resource:///modules/BrowserGlue.jsm :: _onQuitApplicationGranted/tasks< :: line 2013\"  data: no]"
1661786946073	Marionette	INFO	Stopped listening on port 34445
console.warn: TopSitesFeed: Failed to fetch data from Contile server: NetworkError when attempting to fetch resource.
1661787038325	geckodriver	INFO	Listening on 127.0.0.1:58447
1661787038377	mozrunner::runner	INFO	Running command: "/etc/profiles/per-user/ms/bin/firefox" "--marionette" "--remote-debugging-port" "44863" "-no-remote" "-profile" "/tmp/rust_mozprofileS4sxai"
ATTENTION: default value of option mesa_glthread overridden by environment.
ATTENTION: default value of option mesa_glthread overridden by environment.
ATTENTION: default value of option mesa_glthread overridden by environment.
ATTENTION: default value of option mesa_glthread overridden by environment.
1661787039160	Marionette	INFO	Marionette enabled
1661787039164	Marionette	INFO	Listening on port 33611
WebDriver BiDi listening on ws://localhost:44863
1661787039297	RemoteAgent	WARN	TLS certificate errors will be ignored for this session
console.warn: SearchSettings: "get: No settings file exists, new profile?" (new NotFoundError("Could not open the file at /tmp/rust_mozprofileS4sxai/search.json.mozlz4", (void 0)))
Missing chrome or resource URL: resource://gre/modules/UpdateListener.sys.mjs
DevTools listening on ws://localhost:44863/devtools/browser/b1c5d71e-05d6-4e61-8d67-61cd5c230d19
Missing chrome or resource URL: resource://gre/modules/UpdateListener.sys.mjs
console.error: "Error during quit-application-granted: [Exception... \"File error: Not found\"  nsresult: \"0x80520012 (NS_ERROR_FILE_NOT_FOUND)\"  location: \"JS frame :: resource:///modules/BrowserGlue.jsm :: _onQuitApplicationGranted/tasks< :: line 2013\"  data: no]"
1661787041614	Marionette	INFO	Stopped listening on port 40889
console.warn: TopSitesFeed: Failed to fetch data from Contile server: NetworkError when attempting to fetch resource.
console.warn: LoginRecipes: "Falling back to a synchronous message for: http://tripisia.id."
console.warn: LoginRecipes: "Falling back to a synchronous message for: http://tripisia.id."
console.warn: LoginRecipes: "Falling back to a synchronous message for: https://tripisia.id."
Missing chrome or resource URL: resource://gre/modules/UpdateListener.sys.mjs
console.error: "Error during quit-application-granted: [Exception... \"File error: Not found\"  nsresult: \"0x80520012 (NS_ERROR_FILE_NOT_FOUND)\"  location: \"JS frame :: resource:///modules/BrowserGlue.jsm :: _onQuitApplicationGranted/tasks< :: line 2013\"  data: no]"
1661787078364	Marionette	INFO	Stopped listening on port 33611
console.warn: TopSitesFeed: Failed to fetch data from Contile server: NetworkError when attempting to fetch resource.
1661787291404	geckodriver	INFO	Listening on 127.0.0.1:44609
1661787291454	mozrunner::runner	INFO	Running command: "/etc/profiles/per-user/ms/bin/firefox" "--marionette" "--width=1024" "--height=800" "--remote-debugging-port" "50477" "-no-remote" "-profile" "/tmp/rust_mozprofilehw3oHt"
ATTENTION: default value of option mesa_glthread overridden by environment.
ATTENTION: default value of option mesa_glthread overridden by environment.
ATTENTION: default value of option mesa_glthread overridden by environment.
ATTENTION: default value of option mesa_glthread overridden by environment.
1661787292170	Marionette	INFO	Marionette enabled
1661787292175	Marionette	INFO	Listening on port 41133
WebDriver BiDi listening on ws://localhost:50477
1661787292318	RemoteAgent	WARN	TLS certificate errors will be ignored for this session
console.warn: SearchSettings: "get: No settings file exists, new profile?" (new NotFoundError("Could not open the file at /tmp/rust_mozprofilehw3oHt/search.json.mozlz4", (void 0)))
Missing chrome or resource URL: resource://gre/modules/UpdateListener.sys.mjs
DevTools listening on ws://localhost:50477/devtools/browser/4d53769e-57fb-4144-8e74-f0878106c677
console.warn: LoginRecipes: "Falling back to a synchronous message for: http://tripisia.id."
console.warn: LoginRecipes: "Falling back to a synchronous message for: http://tripisia.id."
Missing chrome or resource URL: resource://gre/modules/UpdateListener.sys.mjs
console.error: "Error during quit-application-granted: [Exception... \"File error: Not found\"  nsresult: \"0x80520012 (NS_ERROR_FILE_NOT_FOUND)\"  location: \"JS frame :: resource:///modules/BrowserGlue.jsm :: _onQuitApplicationGranted/tasks< :: line 2013\"  data: no]"
1661787318380	Marionette	INFO	Stopped listening on port 41133
console.warn: TopSitesFeed: Failed to fetch data from Contile server: NetworkError when attempting to fetch resource.
1661787330079	geckodriver	INFO	Listening on 127.0.0.1:43281
1661787330084	mozrunner::runner	INFO	Running command: "/etc/profiles/per-user/ms/bin/firefox" "--marionette" "--width=1024" "--height=800" "--remote-debugging-port" "46649" "-no-remote" "-profile" "/tmp/rust_mozprofilekejTL1"
ATTENTION: default value of option mesa_glthread overridden by environment.
ATTENTION: default value of option mesa_glthread overridden by environment.
ATTENTION: default value of option mesa_glthread overridden by environment.
ATTENTION: default value of option mesa_glthread overridden by environment.
1661787330809	Marionette	INFO	Marionette enabled
1661787330813	Marionette	INFO	Listening on port 36665
WebDriver BiDi listening on ws://localhost:46649
1661787330947	RemoteAgent	WARN	TLS certificate errors will be ignored for this session
console.warn: SearchSettings: "get: No settings file exists, new profile?" (new NotFoundError("Could not open the file at /tmp/rust_mozprofilekejTL1/search.json.mozlz4", (void 0)))
Missing chrome or resource URL: resource://gre/modules/UpdateListener.sys.mjs
DevTools listening on ws://localhost:46649/devtools/browser/ff8b40d7-b672-4031-ad87-5c864a50c944
console.warn: LoginRecipes: "Falling back to a synchronous message for: http://tripisia.id."
console.warn: LoginRecipes: "Falling back to a synchronous message for: http://tripisia.id."
console.warn: LoginRecipes: "Falling back to a synchronous message for: https://tripisia.id."
JavaScript error: resource://gre/modules/AsyncShutdown.jsm, line 576: NotFoundError: No such JSWindowActor 'DevToolsFrame'
Missing chrome or resource URL: resource://gre/modules/UpdateListener.sys.mjs
console.error: "Error during quit-application-granted: [Exception... \"File error: Not found\"  nsresult: \"0x80520012 (NS_ERROR_FILE_NOT_FOUND)\"  location: \"JS frame :: resource:///modules/BrowserGlue.jsm :: _onQuitApplicationGranted/tasks< :: line 2013\"  data: no]"
1661787491392	Marionette	INFO	Stopped listening on port 36665
1661787502908	geckodriver	INFO	Listening on 127.0.0.1:55809
1661787502961	mozrunner::runner	INFO	Running command: "/etc/profiles/per-user/ms/bin/firefox" "--marionette" "--width=1024" "--height=800" "--remote-debugging-port" "36325" "-no-remote" "-profile" "/tmp/rust_mozprofile42JA21"
ATTENTION: default value of option mesa_glthread overridden by environment.
ATTENTION: default value of option mesa_glthread overridden by environment.
ATTENTION: default value of option mesa_glthread overridden by environment.
ATTENTION: default value of option mesa_glthread overridden by environment.
1661787503712	Marionette	INFO	Marionette enabled
1661787503717	Marionette	INFO	Listening on port 44177
WebDriver BiDi listening on ws://localhost:36325
1661787503849	RemoteAgent	WARN	TLS certificate errors will be ignored for this session
console.warn: SearchSettings: "get: No settings file exists, new profile?" (new NotFoundError("Could not open the file at /tmp/rust_mozprofile42JA21/search.json.mozlz4", (void 0)))
Missing chrome or resource URL: resource://gre/modules/UpdateListener.sys.mjs
DevTools listening on ws://localhost:36325/devtools/browser/ce99ce2e-d4dd-41db-b6f7-232e192478b9
console.warn: LoginRecipes: "Falling back to a synchronous message for: http://tripisia.id."
console.warn: LoginRecipes: "Falling back to a synchronous message for: http://tripisia.id."
Missing chrome or resource URL: resource://gre/modules/UpdateListener.sys.mjs
console.error: "Error during quit-application-granted: [Exception... \"File error: Not found\"  nsresult: \"0x80520012 (NS_ERROR_FILE_NOT_FOUND)\"  location: \"JS frame :: resource:///modules/BrowserGlue.jsm :: _onQuitApplicationGranted/tasks< :: line 2013\"  data: no]"
1661787667983	Marionette	INFO	Stopped listening on port 44177
console.warn: TopSitesFeed: Failed to fetch data from Contile server: NetworkError when attempting to fetch resource.
1661787766617	geckodriver	INFO	Listening on 127.0.0.1:44987
1661787766669	mozrunner::runner	INFO	Running command: "/etc/profiles/per-user/ms/bin/firefox" "--marionette" "--width=1024" "--height=800" "--remote-debugging-port" "33827" "-no-remote" "-profile" "/tmp/rust_mozprofilePn5GXh"
ATTENTION: default value of option mesa_glthread overridden by environment.
ATTENTION: default value of option mesa_glthread overridden by environment.
ATTENTION: default value of option mesa_glthread overridden by environment.
ATTENTION: default value of option mesa_glthread overridden by environment.
1661787767419	Marionette	INFO	Marionette enabled
1661787767426	Marionette	INFO	Listening on port 45703
WebDriver BiDi listening on ws://localhost:33827
1661787767565	RemoteAgent	WARN	TLS certificate errors will be ignored for this session
console.warn: SearchSettings: "get: No settings file exists, new profile?" (new NotFoundError("Could not open the file at /tmp/rust_mozprofilePn5GXh/search.json.mozlz4", (void 0)))
Missing chrome or resource URL: resource://gre/modules/UpdateListener.sys.mjs
DevTools listening on ws://localhost:33827/devtools/browser/5d95a430-e23c-4f37-aed3-eeae0dac19e7
console.warn: LoginRecipes: "Falling back to a synchronous message for: http://tripisia.id."
Missing chrome or resource URL: resource://gre/modules/UpdateListener.sys.mjs
console.error: "Error during quit-application-granted: [Exception... \"File error: Not found\"  nsresult: \"0x80520012 (NS_ERROR_FILE_NOT_FOUND)\"  location: \"JS frame :: resource:///modules/BrowserGlue.jsm :: _onQuitApplicationGranted/tasks< :: line 2013\"  data: no]"
1661787814005	Marionette	INFO	Stopped listening on port 45703
console.warn: TopSitesFeed: Failed to fetch data from Contile server: NetworkError when attempting to fetch resource.
1661787894978	geckodriver	INFO	Listening on 127.0.0.1:35447
1661787895029	mozrunner::runner	INFO	Running command: "/etc/profiles/per-user/ms/bin/firefox" "--marionette" "--width=1024" "--height=800" "--remote-debugging-port" "59387" "-no-remote" "-profile" "/tmp/rust_mozprofile1SuXKp"
ATTENTION: default value of option mesa_glthread overridden by environment.
ATTENTION: default value of option mesa_glthread overridden by environment.
ATTENTION: default value of option mesa_glthread overridden by environment.
ATTENTION: default value of option mesa_glthread overridden by environment.
1661787895785	Marionette	INFO	Marionette enabled
1661787895789	Marionette	INFO	Listening on port 36627
WebDriver BiDi listening on ws://localhost:59387
1661787895924	RemoteAgent	WARN	TLS certificate errors will be ignored for this session
console.warn: SearchSettings: "get: No settings file exists, new profile?" (new NotFoundError("Could not open the file at /tmp/rust_mozprofile1SuXKp/search.json.mozlz4", (void 0)))
Missing chrome or resource URL: resource://gre/modules/UpdateListener.sys.mjs
DevTools listening on ws://localhost:59387/devtools/browser/dfc1c5ca-1b65-452e-8102-5bd4132cd5b7
console.warn: LoginRecipes: "Falling back to a synchronous message for: http://tripisia.id."
console.warn: LoginRecipes: "Falling back to a synchronous message for: http://tripisia.id."
1661787898720	Marionette	WARN	Ignoring event 'DOMContentLoaded' because document has an invalid readyState of 'complete'.
Missing chrome or resource URL: resource://gre/modules/UpdateListener.sys.mjs
console.error: "Error during quit-application-granted: [Exception... \"File error: Not found\"  nsresult: \"0x80520012 (NS_ERROR_FILE_NOT_FOUND)\"  location: \"JS frame :: resource:///modules/BrowserGlue.jsm :: _onQuitApplicationGranted/tasks< :: line 2013\"  data: no]"
1661787907141	Marionette	INFO	Stopped listening on port 36627
console.warn: TopSitesFeed: Failed to fetch data from Contile server: NetworkError when attempting to fetch resource.
1661787907234	geckodriver::marionette	ERROR	Failed to close browser connection: Transport endpoint is not connected (os error 107)
[2022-08-29T15:45:07Z ERROR glean_core] Can't persist ping lifetime data: Error { kind: Rkv(IoError(Os { code: 2, kind: NotFound, message: "No such file or directory" })) }
1661787910522	geckodriver	INFO	Listening on 127.0.0.1:48595
1661787910574	mozrunner::runner	INFO	Running command: "/etc/profiles/per-user/ms/bin/firefox" "--marionette" "--width=1024" "--height=800" "--remote-debugging-port" "49079" "-no-remote" "-profile" "/tmp/rust_mozprofileItOkga"
ATTENTION: default value of option mesa_glthread overridden by environment.
ATTENTION: default value of option mesa_glthread overridden by environment.
ATTENTION: default value of option mesa_glthread overridden by environment.
ATTENTION: default value of option mesa_glthread overridden by environment.
1661787911335	Marionette	INFO	Marionette enabled
1661787911339	Marionette	INFO	Listening on port 36683
WebDriver BiDi listening on ws://localhost:49079
1661787911486	RemoteAgent	WARN	TLS certificate errors will be ignored for this session
console.warn: SearchSettings: "get: No settings file exists, new profile?" (new NotFoundError("Could not open the file at /tmp/rust_mozprofileItOkga/search.json.mozlz4", (void 0)))
Missing chrome or resource URL: resource://gre/modules/UpdateListener.sys.mjs
DevTools listening on ws://localhost:49079/devtools/browser/2b81656d-3386-4906-b118-fe01a76ba145
console.warn: LoginRecipes: "Falling back to a synchronous message for: http://tripisia.id."
console.warn: LoginRecipes: "Falling back to a synchronous message for: http://tripisia.id."
Missing chrome or resource URL: resource://gre/modules/UpdateListener.sys.mjs
console.error: "Error during quit-application-granted: [Exception... \"File error: Not found\"  nsresult: \"0x80520012 (NS_ERROR_FILE_NOT_FOUND)\"  location: \"JS frame :: resource:///modules/BrowserGlue.jsm :: _onQuitApplicationGranted/tasks< :: line 2013\"  data: no]"
1661787995782	Marionette	INFO	Stopped listening on port 36683
console.warn: TopSitesFeed: Failed to fetch data from Contile server: NetworkError when attempting to fetch resource.
1661788002604	geckodriver	INFO	Listening on 127.0.0.1:54355
1661788002610	mozrunner::runner	INFO	Running command: "/etc/profiles/per-user/ms/bin/firefox" "--marionette" "--width=1024" "--height=800" "--remote-debugging-port" "39613" "-no-remote" "-profile" "/tmp/rust_mozprofileXBQFso"
ATTENTION: default value of option mesa_glthread overridden by environment.
ATTENTION: default value of option mesa_glthread overridden by environment.
ATTENTION: default value of option mesa_glthread overridden by environment.
ATTENTION: default value of option mesa_glthread overridden by environment.
1661788003313	Marionette	INFO	Marionette enabled
1661788003317	Marionette	INFO	Listening on port 35511
WebDriver BiDi listening on ws://localhost:39613
1661788003578	RemoteAgent	WARN	TLS certificate errors will be ignored for this session
console.warn: SearchSettings: "get: No settings file exists, new profile?" (new NotFoundError("Could not open the file at /tmp/rust_mozprofileXBQFso/search.json.mozlz4", (void 0)))
Missing chrome or resource URL: resource://gre/modules/UpdateListener.sys.mjs
DevTools listening on ws://localhost:39613/devtools/browser/554b55e6-f2e9-4e41-ac6a-aea9a65fb18e
console.warn: LoginRecipes: "Falling back to a synchronous message for: http://tripisia.id."
console.warn: LoginRecipes: "Falling back to a synchronous message for: http://tripisia.id."
SourceActor threw an exception: [Exception... "Component returned failure code: 0x80470002 (NS_BASE_STREAM_CLOSED) [nsIInputStream.available]"  nsresult: "0x80470002 (NS_BASE_STREAM_CLOSED)"  location: "JS frame :: resource://devtools/shared/DevToolsUtils.js :: onResponse :: line 594"  data: no]
Stack: onResponse@resource://devtools/shared/DevToolsUtils.js:594:34
onStopRequest@resource://gre/modules/NetUtil.jsm:126:18
Line: 594, column: 0
console.error: ({})
JavaScript error: resource://devtools/shared/DevToolsUtils.js, line 594: NS_BASE_STREAM_CLOSED: Component returned failure code: 0x80470002 (NS_BASE_STREAM_CLOSED) [nsIInputStream.available]
JavaScript error: resource://gre/modules/AsyncShutdown.jsm, line 576: NotFoundError: No such JSWindowActor 'DevToolsFrame'
Missing chrome or resource URL: resource://gre/modules/UpdateListener.sys.mjs
console.error: "Error during quit-application-granted: [Exception... \"File error: Not found\"  nsresult: \"0x80520012 (NS_ERROR_FILE_NOT_FOUND)\"  location: \"JS frame :: resource:///modules/BrowserGlue.jsm :: _onQuitApplicationGranted/tasks< :: line 2013\"  data: no]"
1661788138151	Marionette	INFO	Stopped listening on port 35511
